{"C:\\Users\\ADMIN\\Documents\\ecommerce-lab\\ecommerce-lab\\app.js": {"path":"C:\\Users\\ADMIN\\Documents\\ecommerce-lab\\ecommerce-lab\\app.js","statementMap":{"0":{"start":{"line":1,"column":16},"end":{"line":1,"column":34}},"1":{"start":{"line":2,"column":12},"end":{"line":2,"column":21}},"2":{"start":{"line":4,"column":0},"end":{"line":4,"column":24}},"3":{"start":{"line":5,"column":15},"end":{"line":8,"column":1}},"4":{"start":{"line":10,"column":0},"end":{"line":12,"column":3}},"5":{"start":{"line":11,"column":0},"end":{"line":11,"column":31}},"6":{"start":{"line":14,"column":0},"end":{"line":22,"column":3}},"7":{"start":{"line":15,"column":18},"end":{"line":15,"column":41}},"8":{"start":{"line":16,"column":16},"end":{"line":16,"column":54}},"9":{"start":{"line":16,"column":35},"end":{"line":16,"column":53}},"10":{"start":{"line":17,"column":0},"end":{"line":21,"column":1}},"11":{"start":{"line":18,"column":0},"end":{"line":18,"column":30}},"12":{"start":{"line":20,"column":0},"end":{"line":20,"column":55}},"13":{"start":{"line":24,"column":0},"end":{"line":33,"column":3}},"14":{"start":{"line":25,"column":19},"end":{"line":30,"column":1}},"15":{"start":{"line":31,"column":0},"end":{"line":31,"column":26}},"16":{"start":{"line":32,"column":0},"end":{"line":32,"column":33}},"17":{"start":{"line":35,"column":0},"end":{"line":47,"column":3}},"18":{"start":{"line":36,"column":18},"end":{"line":36,"column":41}},"19":{"start":{"line":37,"column":16},"end":{"line":37,"column":54}},"20":{"start":{"line":37,"column":35},"end":{"line":37,"column":53}},"21":{"start":{"line":38,"column":0},"end":{"line":46,"column":1}},"22":{"start":{"line":39,"column":0},"end":{"line":39,"column":45}},"23":{"start":{"line":41,"column":0},"end":{"line":41,"column":48}},"24":{"start":{"line":42,"column":0},"end":{"line":42,"column":48}},"25":{"start":{"line":43,"column":0},"end":{"line":43,"column":30}},"26":{"start":{"line":45,"column":0},"end":{"line":45,"column":55}},"27":{"start":{"line":49,"column":0},"end":{"line":58,"column":3}},"28":{"start":{"line":50,"column":18},"end":{"line":50,"column":41}},"29":{"start":{"line":51,"column":21},"end":{"line":51,"column":64}},"30":{"start":{"line":51,"column":45},"end":{"line":51,"column":63}},"31":{"start":{"line":52,"column":0},"end":{"line":57,"column":1}},"32":{"start":{"line":53,"column":0},"end":{"line":53,"column":33}},"33":{"start":{"line":54,"column":0},"end":{"line":54,"column":53}},"34":{"start":{"line":56,"column":0},"end":{"line":56,"column":55}},"35":{"start":{"line":59,"column":0},"end":{"line":59,"column":21}}},"fnMap":{"0":{"name":"(anonymous_0)","decl":{"start":{"line":10,"column":21},"end":{"line":10,"column":22}},"loc":{"start":{"line":10,"column":35},"end":{"line":12,"column":1}},"line":10},"1":{"name":"(anonymous_1)","decl":{"start":{"line":14,"column":25},"end":{"line":14,"column":26}},"loc":{"start":{"line":14,"column":39},"end":{"line":22,"column":1}},"line":14},"2":{"name":"(anonymous_2)","decl":{"start":{"line":16,"column":30},"end":{"line":16,"column":31}},"loc":{"start":{"line":16,"column":35},"end":{"line":16,"column":53}},"line":16},"3":{"name":"(anonymous_3)","decl":{"start":{"line":24,"column":22},"end":{"line":24,"column":23}},"loc":{"start":{"line":24,"column":36},"end":{"line":33,"column":1}},"line":24},"4":{"name":"(anonymous_4)","decl":{"start":{"line":35,"column":25},"end":{"line":35,"column":26}},"loc":{"start":{"line":35,"column":39},"end":{"line":47,"column":1}},"line":35},"5":{"name":"(anonymous_5)","decl":{"start":{"line":37,"column":30},"end":{"line":37,"column":31}},"loc":{"start":{"line":37,"column":35},"end":{"line":37,"column":53}},"line":37},"6":{"name":"(anonymous_6)","decl":{"start":{"line":49,"column":28},"end":{"line":49,"column":29}},"loc":{"start":{"line":49,"column":42},"end":{"line":58,"column":1}},"line":49},"7":{"name":"(anonymous_7)","decl":{"start":{"line":51,"column":40},"end":{"line":51,"column":41}},"loc":{"start":{"line":51,"column":45},"end":{"line":51,"column":63}},"line":51}},"branchMap":{"0":{"loc":{"start":{"line":17,"column":0},"end":{"line":21,"column":1}},"type":"if","locations":[{"start":{"line":17,"column":0},"end":{"line":21,"column":1}},{"start":{"line":19,"column":7},"end":{"line":21,"column":1}}],"line":17},"1":{"loc":{"start":{"line":38,"column":0},"end":{"line":46,"column":1}},"type":"if","locations":[{"start":{"line":38,"column":0},"end":{"line":46,"column":1}},{"start":{"line":44,"column":7},"end":{"line":46,"column":1}}],"line":38},"2":{"loc":{"start":{"line":39,"column":15},"end":{"line":39,"column":44}},"type":"binary-expr","locations":[{"start":{"line":39,"column":15},"end":{"line":39,"column":28}},{"start":{"line":39,"column":32},"end":{"line":39,"column":44}}],"line":39},"3":{"loc":{"start":{"line":41,"column":16},"end":{"line":41,"column":47}},"type":"binary-expr","locations":[{"start":{"line":41,"column":16},"end":{"line":41,"column":30}},{"start":{"line":41,"column":34},"end":{"line":41,"column":47}}],"line":41},"4":{"loc":{"start":{"line":42,"column":16},"end":{"line":42,"column":47}},"type":"binary-expr","locations":[{"start":{"line":42,"column":16},"end":{"line":42,"column":30}},{"start":{"line":42,"column":34},"end":{"line":42,"column":47}}],"line":42},"5":{"loc":{"start":{"line":52,"column":0},"end":{"line":57,"column":1}},"type":"if","locations":[{"start":{"line":52,"column":0},"end":{"line":57,"column":1}},{"start":{"line":55,"column":7},"end":{"line":57,"column":1}}],"line":52}},"s":{"0":1,"1":1,"2":1,"3":1,"4":1,"5":1,"6":1,"7":2,"8":2,"9":3,"10":2,"11":1,"12":1,"13":1,"14":1,"15":1,"16":1,"17":1,"18":2,"19":2,"20":4,"21":2,"22":1,"23":1,"24":1,"25":1,"26":1,"27":1,"28":2,"29":2,"30":3,"31":2,"32":1,"33":1,"34":1,"35":1},"f":{"0":1,"1":2,"2":3,"3":1,"4":2,"5":4,"6":2,"7":3},"b":{"0":[1,1],"1":[1,1],"2":[1,0],"3":[1,0],"4":[1,0],"5":[1,1]},"_coverageSchema":"1a1c01bbd47fc00a2c39e90264f33305004495a9","hash":"c3fd3907400789f04309051aebf2647f99d95ddf"}
}
